2024/10/17 13:53:44 [profile] [profile.models.Quote.getQuote] 
###################################################### PUSH PROFILE LOG START profile.models.Quote.getQuote  ##############################################################
	URL: [POST]/aaohome/booking/getamountbyvehicle
	User IP: 192.168.1.240
	Referrer: http://localhost:84/aaohome/booking/create
	POST: {"fromCity":"30804","toCity":"30711","cabType":"3","tripDistance":"","tripDuration":"","multiCityData":"","bookingType":"1","pickupAddress":"","pickupDate":"31\/10\/2024","pickupTime":"06:00 PM","isGozonow":"0","minTripDistance":"0","sccId":"0","tripUser":"1","YII_CSRF_TOKEN":"WXNPTUJMSWVRVldJOEx-d05yUlNaS2Uwb1Z1bjlxVVbcPYQNd6slCd-zuD_h2YBprDCwXjTsRSiXzK9TaRAgVA==","isAirportPickup":"1"}
	RawBody: fromCity=30804&toCity=30711&cabType=3&tripDistance=&tripDuration=&multiCityData=&bookingType=1&pickupAddress=&pickupDate=31%2F10%2F2024&pickupTime=06%3A00+PM&isGozonow=0&minTripDistance=0&sccId=0&tripUser=1&YII_CSRF_TOKEN=WXNPTUJMSWVRVldJOEx-d05yUlNaS2Uwb1Z1bjlxVVbcPYQNd6slCd-zuD_h2YBprDCwXjTsRSiXzK9TaRAgVA%3D%3D&isAirportPickup=1
	[UserID: 30] [UserType: 4]
2024/10/17 13:53:44 [profile] [profile.models.Quote.getQuote] 
~~~~~~~~~~~~~~~~~~~~~~~~~~~~~~~~~~~~~~~~~~~~~~~~~~~~~~ PUSH PROFILE LOG END profile.models.Quote.getQuote  ~~~~~~~~~~~~~~~~~~~~~~~~~~~~~~~~~~~~~~~~~~~~~~~~~~
2024/10/17 13:53:50 [profile] [profile.models.Quote.getQuote] 
###################################################### PUSH PROFILE LOG START profile.models.Quote.getQuote  ##############################################################
	URL: [POST]/aaohome/booking/route
	User IP: 192.168.1.240
	Referrer: http://localhost:84/aaohome/booking/create
	POST: {"YII_CSRF_TOKEN":"WXNPTUJMSWVRVldJOEx-d05yUlNaS2Uwb1Z1bjlxVVbcPYQNd6slCd-zuD_h2YBprDCwXjTsRSiXzK9TaRAgVA==","Booking":{"bkg_from_city_id":"30804","bkg_to_city_id":"30711","routeProcessed":"Agra - Amritsar - Dalhousie  (One Way)","baseamount":"10062","isGozonow":"0","bkg_from_city_id1":"30804","bkg_to_city_id1":"30711","bkg_pickup_date_date":"31\/10\/2024","bkg_pickup_date_time":"06:00 PM","bkg_return_date_date":"","bkg_return_date_time":"","bkg_pickup_address":"","bkg_drop_address":"","tot_est_dist":"664","tot_est_dur":"690","bkg_vehicle_type_id":"3"},"jsonData_routeType":"{\"trip_user\":\"1\",\"username\":\"9874585888\",\"bkg_contact_id\":\"\",\"bkg_user_id\":\"\",\"bkg_contact_no\":\"9874585888\",\"bkg_country_code\":\"91\",\"bkg_user_email\":\"\",\"bkg_user_fname\":\"\",\"bkg_user_lname\":\"\",\"bkg_booking_type\":\"1\"}","multicityjsondata":"[{\"pickup_city\":\"30804\",\"drop_city\":\"30711\",\"pickup_address\":\"\",\"drop_address\":null,\"date\":\"2024-10-31 18:00:00\",\"distance\":\"664\",\"duration\":\"680\"}]","multicityAutoComData":"","multicityAutoComTot":"","pckageID":"","BookingRoute":[{"brt_from_latitude":"","brt_from_longitude":"","brt_from_place_id":"","brt_from_formatted_address":"","brt_from_city_is_airport":"0","brt_from_city_is_poi":"0"},{"brt_to_latitude":"","brt_to_longitude":"","brt_to_place_id":"","brt_to_formatted_address":"","brt_to_city_is_airport":"0","brt_to_city_is_poi":"0"}],"BookingPref":{"bkg_is_gozonow":"0"},"agentId":"undefined"}
	RawBody: YII_CSRF_TOKEN=WXNPTUJMSWVRVldJOEx-d05yUlNaS2Uwb1Z1bjlxVVbcPYQNd6slCd-zuD_h2YBprDCwXjTsRSiXzK9TaRAgVA%3D%3D&Booking%5Bbkg_from_city_id%5D=30804&Booking%5Bbkg_to_city_id%5D=30711&Booking%5BrouteProcessed%5D=Agra+-+Amritsar+-+Dalhousie++(One+Way)&jsonData_routeType=%7B%22trip_user%22%3A%221%22%2C%22username%22%3A%229874585888%22%2C%22bkg_contact_id%22%3A%22%22%2C%22bkg_user_id%22%3A%22%22%2C%22bkg_contact_no%22%3A%229874585888%22%2C%22bkg_country_code%22%3A%2291%22%2C%22bkg_user_email%22%3A%22%22%2C%22bkg_user_fname%22%3A%22%22%2C%22bkg_user_lname%22%3A%22%22%2C%22bkg_booking_type%22%3A%221%22%7D&Booking%5Bbaseamount%5D=10062&Booking%5BisGozonow%5D=0&multicityjsondata=%5B%7B%22pickup_city%22%3A%2230804%22%2C%22drop_city%22%3A%2230711%22%2C%22pickup_address%22%3A%22%22%2C%22drop_address%22%3Anull%2C%22date%22%3A%222024-10-31+18%3A00%3A00%22%2C%22distance%22%3A%22664%22%2C%22duration%22%3A%22680%22%7D%5D&multicityAutoComData=&multicityAutoComTot=&Booking%5Bbkg_from_city_id1%5D=30804&Booking%5Bbkg_to_city_id1%5D=30711&Booking%5Bbkg_pickup_date_date%5D=31%2F10%2F2024&Booking%5Bbkg_pickup_date_time%5D=06%3A00+PM&pckageID=&Booking%5Bbkg_return_date_date%5D=&Booking%5Bbkg_return_date_time%5D=&Booking%5Bbkg_pickup_address%5D=&Booking%5Bbkg_drop_address%5D=&BookingRoute%5B0%5D%5Bbrt_from_latitude%5D=&BookingRoute%5B0%5D%5Bbrt_from_longitude%5D=&BookingRoute%5B0%5D%5Bbrt_from_place_id%5D=&BookingRoute%5B0%5D%5Bbrt_from_formatted_address%5D=&BookingRoute%5B0%5D%5Bbrt_from_city_is_airport%5D=0&BookingRoute%5B0%5D%5Bbrt_from_city_is_poi%5D=0&BookingRoute%5B1%5D%5Bbrt_to_latitude%5D=&BookingRoute%5B1%5D%5Bbrt_to_longitude%5D=&BookingRoute%5B1%5D%5Bbrt_to_place_id%5D=&BookingRoute%5B1%5D%5Bbrt_to_formatted_address%5D=&BookingRoute%5B1%5D%5Bbrt_to_city_is_airport%5D=0&BookingRoute%5B1%5D%5Bbrt_to_city_is_poi%5D=0&Booking%5Btot_est_dist%5D=664&Booking%5Btot_est_dur%5D=690&Booking%5Bbkg_vehicle_type_id%5D=3&BookingPref%5Bbkg_is_gozonow%5D=0&agentId=undefined
	[UserID: 30] [UserType: 4]
2024/10/17 13:53:50 [profile] [profile.models.Quote.getQuote] 
~~~~~~~~~~~~~~~~~~~~~~~~~~~~~~~~~~~~~~~~~~~~~~~~~~~~~~ PUSH PROFILE LOG END profile.models.Quote.getQuote  ~~~~~~~~~~~~~~~~~~~~~~~~~~~~~~~~~~~~~~~~~~~~~~~~~~
2024/10/17 13:53:55 [profile] [profile.models.Quote.getQuote] 
###################################################### PUSH PROFILE LOG START profile.models.Quote.getQuote  ##############################################################
	URL: [POST]/aaohome/booking/getamountbyvehicle
	User IP: 192.168.1.240
	Referrer: http://localhost:84/aaohome/booking/create
	POST: {"fromCity":"30804","toCity":"30711","cabType":"3","tripDistance":"664","tripDuration":"690","multiCityData":"[{\"pickup_city\":\"30804\",\"drop_city\":\"30711\",\"pickup_address\":\"\",\"drop_address\":null,\"date\":\"2024-10-31 18:00:00\",\"distance\":\"664\",\"duration\":\"680\"}]","bookingType":"1","pickupAddress":"","dropupAddress":"","routeDataArr":[{"locLatVal":"","locLonVal":"","brtLocationVal":""},{"locLatVal":"","locLonVal":"","brtLocationVal":""}],"pickupDate":"31\/10\/2024","pickupTime":"06:00 PM","isGozonow":"0","minTripDistance":"0","tripUser":"1","YII_CSRF_TOKEN":"WXNPTUJMSWVRVldJOEx-d05yUlNaS2Uwb1Z1bjlxVVbcPYQNd6slCd-zuD_h2YBprDCwXjTsRSiXzK9TaRAgVA==","isAirportPickup":"1"}
	RawBody: fromCity=30804&toCity=30711&cabType=3&tripDistance=664&tripDuration=690&multiCityData=%5B%7B%22pickup_city%22%3A%2230804%22%2C%22drop_city%22%3A%2230711%22%2C%22pickup_address%22%3A%22%22%2C%22drop_address%22%3Anull%2C%22date%22%3A%222024-10-31+18%3A00%3A00%22%2C%22distance%22%3A%22664%22%2C%22duration%22%3A%22680%22%7D%5D&bookingType=1&pickupAddress=&dropupAddress=&routeDataArr%5B0%5D%5BlocLatVal%5D=&routeDataArr%5B0%5D%5BlocLonVal%5D=&routeDataArr%5B0%5D%5BbrtLocationVal%5D=&routeDataArr%5B1%5D%5BlocLatVal%5D=&routeDataArr%5B1%5D%5BlocLonVal%5D=&routeDataArr%5B1%5D%5BbrtLocationVal%5D=&pickupDate=31%2F10%2F2024&pickupTime=06%3A00+PM&isGozonow=0&minTripDistance=0&tripUser=1&YII_CSRF_TOKEN=WXNPTUJMSWVRVldJOEx-d05yUlNaS2Uwb1Z1bjlxVVbcPYQNd6slCd-zuD_h2YBprDCwXjTsRSiXzK9TaRAgVA%3D%3D&isAirportPickup=1
	[UserID: 30] [UserType: 4]
2024/10/17 13:53:55 [profile] [profile.models.Quote.getQuote] 
~~~~~~~~~~~~~~~~~~~~~~~~~~~~~~~~~~~~~~~~~~~~~~~~~~~~~~ PUSH PROFILE LOG END profile.models.Quote.getQuote  ~~~~~~~~~~~~~~~~~~~~~~~~~~~~~~~~~~~~~~~~~~~~~~~~~~
2024/10/17 13:54:02 [profile] [profile.models.Quote.getQuote] 
###################################################### PUSH PROFILE LOG START profile.models.Quote.getQuote  ##############################################################
	URL: [POST]/aaohome/booking/getamountbyvehicle
	User IP: 192.168.1.240
	Referrer: http://localhost:84/aaohome/booking/create
	POST: {"fromCity":"30804","toCity":"30711","cabType":"3","tripDistance":"664","tripDuration":"690","multiCityData":"[{\"pickup_city\":\"30804\",\"drop_city\":\"30711\",\"pickup_address\":\"\",\"drop_address\":null,\"date\":\"2024-10-31 18:00:00\",\"distance\":\"664\",\"duration\":\"680\"}]","bookingType":"1","pickupAddress":"","dropupAddress":"","routeDataArr":[{"locLatVal":"","locLonVal":"","brtLocationVal":""},{"locLatVal":"","locLonVal":"","brtLocationVal":""}],"pickupDate":"31\/10\/2024","pickupTime":"06:00 PM","isGozonow":"0","minTripDistance":"0","sccId":"1","tripUser":"1","YII_CSRF_TOKEN":"WXNPTUJMSWVRVldJOEx-d05yUlNaS2Uwb1Z1bjlxVVbcPYQNd6slCd-zuD_h2YBprDCwXjTsRSiXzK9TaRAgVA==","isAirportPickup":"1"}
	RawBody: fromCity=30804&toCity=30711&cabType=3&tripDistance=664&tripDuration=690&multiCityData=%5B%7B%22pickup_city%22%3A%2230804%22%2C%22drop_city%22%3A%2230711%22%2C%22pickup_address%22%3A%22%22%2C%22drop_address%22%3Anull%2C%22date%22%3A%222024-10-31+18%3A00%3A00%22%2C%22distance%22%3A%22664%22%2C%22duration%22%3A%22680%22%7D%5D&bookingType=1&pickupAddress=&dropupAddress=&routeDataArr%5B0%5D%5BlocLatVal%5D=&routeDataArr%5B0%5D%5BlocLonVal%5D=&routeDataArr%5B0%5D%5BbrtLocationVal%5D=&routeDataArr%5B1%5D%5BlocLatVal%5D=&routeDataArr%5B1%5D%5BlocLonVal%5D=&routeDataArr%5B1%5D%5BbrtLocationVal%5D=&pickupDate=31%2F10%2F2024&pickupTime=06%3A00+PM&isGozonow=0&minTripDistance=0&sccId=1&tripUser=1&YII_CSRF_TOKEN=WXNPTUJMSWVRVldJOEx-d05yUlNaS2Uwb1Z1bjlxVVbcPYQNd6slCd-zuD_h2YBprDCwXjTsRSiXzK9TaRAgVA%3D%3D&isAirportPickup=1
	[UserID: 30] [UserType: 4]
2024/10/17 13:54:02 [profile] [profile.models.Quote.getQuote] 
~~~~~~~~~~~~~~~~~~~~~~~~~~~~~~~~~~~~~~~~~~~~~~~~~~~~~~ PUSH PROFILE LOG END profile.models.Quote.getQuote  ~~~~~~~~~~~~~~~~~~~~~~~~~~~~~~~~~~~~~~~~~~~~~~~~~~
2024/10/17 13:54:24 [profile] [profile.models.Quote.getQuote] 
###################################################### PUSH PROFILE LOG START profile.models.Quote.getQuote  ##############################################################
	URL: [POST]/aaohome/booking/getamountbyvehicle
	User IP: 192.168.1.240
	Referrer: http://localhost:84/aaohome/booking/create
	POST: {"fromCity":"30804","toCity":"30711","cabType":"3","tripDistance":"664","tripDuration":"690","multiCityData":"[{\"pickup_city\":\"30804\",\"drop_city\":\"30711\",\"pickup_address\":\"\",\"drop_address\":null,\"date\":\"2024-10-31 18:00:00\",\"distance\":\"664\",\"duration\":\"680\"}]","bookingType":"1","pickupAddress":"","dropupAddress":"","routeDataArr":[{"locLatVal":"","locLonVal":"","brtLocationVal":""},{"locLatVal":"","locLonVal":"","brtLocationVal":""}],"pickupDate":"31\/10\/2024","pickupTime":"06:00 PM","isGozonow":"0","minTripDistance":"0","sccId":"1","tripUser":"1","YII_CSRF_TOKEN":"WXNPTUJMSWVRVldJOEx-d05yUlNaS2Uwb1Z1bjlxVVbcPYQNd6slCd-zuD_h2YBprDCwXjTsRSiXzK9TaRAgVA==","isAirportPickup":"1"}
	RawBody: fromCity=30804&toCity=30711&cabType=3&tripDistance=664&tripDuration=690&multiCityData=%5B%7B%22pickup_city%22%3A%2230804%22%2C%22drop_city%22%3A%2230711%22%2C%22pickup_address%22%3A%22%22%2C%22drop_address%22%3Anull%2C%22date%22%3A%222024-10-31+18%3A00%3A00%22%2C%22distance%22%3A%22664%22%2C%22duration%22%3A%22680%22%7D%5D&bookingType=1&pickupAddress=&dropupAddress=&routeDataArr%5B0%5D%5BlocLatVal%5D=&routeDataArr%5B0%5D%5BlocLonVal%5D=&routeDataArr%5B0%5D%5BbrtLocationVal%5D=&routeDataArr%5B1%5D%5BlocLatVal%5D=&routeDataArr%5B1%5D%5BlocLonVal%5D=&routeDataArr%5B1%5D%5BbrtLocationVal%5D=&pickupDate=31%2F10%2F2024&pickupTime=06%3A00+PM&isGozonow=0&minTripDistance=0&sccId=1&tripUser=1&YII_CSRF_TOKEN=WXNPTUJMSWVRVldJOEx-d05yUlNaS2Uwb1Z1bjlxVVbcPYQNd6slCd-zuD_h2YBprDCwXjTsRSiXzK9TaRAgVA%3D%3D&isAirportPickup=1
	[UserID: 30] [UserType: 4]
2024/10/17 13:54:24 [profile] [profile.models.Quote.getQuote] 
~~~~~~~~~~~~~~~~~~~~~~~~~~~~~~~~~~~~~~~~~~~~~~~~~~~~~~ PUSH PROFILE LOG END profile.models.Quote.getQuote  ~~~~~~~~~~~~~~~~~~~~~~~~~~~~~~~~~~~~~~~~~~~~~~~~~~
2024/10/17 14:04:42 [profile] [profile.models.Quote.getQuote] 
###################################################### PUSH PROFILE LOG START profile.models.Quote.getQuote  ##############################################################
	URL: [POST]/aaohome/booking/getamountbyvehicle
	User IP: 192.168.1.240
	Referrer: http://localhost:84/aaohome/booking/create
	POST: {"fromCity":"30804","toCity":"30726","cabType":"3","tripDistance":"","tripDuration":"","multiCityData":"","bookingType":"1","pickupAddress":"","pickupDate":"24\/10\/2024","pickupTime":"06:00 PM","isGozonow":"0","minTripDistance":"0","sccId":"0","tripUser":"1","YII_CSRF_TOKEN":"WXNPTUJMSWVRVldJOEx-d05yUlNaS2Uwb1Z1bjlxVVbcPYQNd6slCd-zuD_h2YBprDCwXjTsRSiXzK9TaRAgVA==","isAirportPickup":"1"}
	RawBody: fromCity=30804&toCity=30726&cabType=3&tripDistance=&tripDuration=&multiCityData=&bookingType=1&pickupAddress=&pickupDate=24%2F10%2F2024&pickupTime=06%3A00+PM&isGozonow=0&minTripDistance=0&sccId=0&tripUser=1&YII_CSRF_TOKEN=WXNPTUJMSWVRVldJOEx-d05yUlNaS2Uwb1Z1bjlxVVbcPYQNd6slCd-zuD_h2YBprDCwXjTsRSiXzK9TaRAgVA%3D%3D&isAirportPickup=1
	[UserID: 30] [UserType: 4]
2024/10/17 14:04:42 [profile] [profile.models.Quote.getQuote] 
~~~~~~~~~~~~~~~~~~~~~~~~~~~~~~~~~~~~~~~~~~~~~~~~~~~~~~ PUSH PROFILE LOG END profile.models.Quote.getQuote  ~~~~~~~~~~~~~~~~~~~~~~~~~~~~~~~~~~~~~~~~~~~~~~~~~~
2024/10/17 14:04:56 [profile] [profile.models.Quote.getQuote] 
###################################################### PUSH PROFILE LOG START profile.models.Quote.getQuote  ##############################################################
	URL: [POST]/aaohome/booking/route
	User IP: 192.168.1.240
	Referrer: http://localhost:84/aaohome/booking/create
	POST: {"YII_CSRF_TOKEN":"WXNPTUJMSWVRVldJOEx-d05yUlNaS2Uwb1Z1bjlxVVbcPYQNd6slCd-zuD_h2YBprDCwXjTsRSiXzK9TaRAgVA==","Booking":{"bkg_from_city_id":"30804","bkg_to_city_id":"30726","routeProcessed":"Agra - Ajmer  (One Way)","baseamount":"5894","isGozonow":"0","bkg_from_city_id1":"30804","bkg_to_city_id1":"30726","bkg_pickup_date_date":"24\/10\/2024","bkg_pickup_date_time":"06:00 PM","bkg_return_date_date":"","bkg_return_date_time":"","bkg_pickup_address":"","bkg_drop_address":"","tot_est_dist":"375","tot_est_dur":"420","bkg_vehicle_type_id":"3"},"jsonData_routeType":"{\"trip_user\":\"1\",\"username\":\"9856321114\",\"bkg_contact_id\":\"\",\"bkg_user_id\":\"\",\"bkg_contact_no\":\"9856321114\",\"bkg_country_code\":\"91\",\"bkg_user_email\":\"\",\"bkg_user_fname\":\"\",\"bkg_user_lname\":\"\",\"bkg_booking_type\":\"1\"}","multicityjsondata":"[{\"pickup_city\":\"30804\",\"drop_city\":\"30726\",\"pickup_address\":\"\",\"drop_address\":null,\"date\":\"2024-10-24 18:00:00\",\"distance\":\"375\",\"duration\":\"420\"}]","multicityAutoComData":"","multicityAutoComTot":"","pckageID":"","BookingRoute":[{"brt_from_latitude":"","brt_from_longitude":"","brt_from_place_id":"","brt_from_formatted_address":"","brt_from_city_is_airport":"0","brt_from_city_is_poi":"0"},{"brt_to_latitude":"","brt_to_longitude":"","brt_to_place_id":"","brt_to_formatted_address":"","brt_to_city_is_airport":"0","brt_to_city_is_poi":"0"}],"BookingPref":{"bkg_is_gozonow":"0"},"agentId":"undefined"}
	RawBody: YII_CSRF_TOKEN=WXNPTUJMSWVRVldJOEx-d05yUlNaS2Uwb1Z1bjlxVVbcPYQNd6slCd-zuD_h2YBprDCwXjTsRSiXzK9TaRAgVA%3D%3D&Booking%5Bbkg_from_city_id%5D=30804&Booking%5Bbkg_to_city_id%5D=30726&Booking%5BrouteProcessed%5D=Agra+-+Ajmer++(One+Way)&jsonData_routeType=%7B%22trip_user%22%3A%221%22%2C%22username%22%3A%229856321114%22%2C%22bkg_contact_id%22%3A%22%22%2C%22bkg_user_id%22%3A%22%22%2C%22bkg_contact_no%22%3A%229856321114%22%2C%22bkg_country_code%22%3A%2291%22%2C%22bkg_user_email%22%3A%22%22%2C%22bkg_user_fname%22%3A%22%22%2C%22bkg_user_lname%22%3A%22%22%2C%22bkg_booking_type%22%3A%221%22%7D&Booking%5Bbaseamount%5D=5894&Booking%5BisGozonow%5D=0&multicityjsondata=%5B%7B%22pickup_city%22%3A%2230804%22%2C%22drop_city%22%3A%2230726%22%2C%22pickup_address%22%3A%22%22%2C%22drop_address%22%3Anull%2C%22date%22%3A%222024-10-24+18%3A00%3A00%22%2C%22distance%22%3A%22375%22%2C%22duration%22%3A%22420%22%7D%5D&multicityAutoComData=&multicityAutoComTot=&Booking%5Bbkg_from_city_id1%5D=30804&Booking%5Bbkg_to_city_id1%5D=30726&Booking%5Bbkg_pickup_date_date%5D=24%2F10%2F2024&Booking%5Bbkg_pickup_date_time%5D=06%3A00+PM&pckageID=&Booking%5Bbkg_return_date_date%5D=&Booking%5Bbkg_return_date_time%5D=&Booking%5Bbkg_pickup_address%5D=&Booking%5Bbkg_drop_address%5D=&BookingRoute%5B0%5D%5Bbrt_from_latitude%5D=&BookingRoute%5B0%5D%5Bbrt_from_longitude%5D=&BookingRoute%5B0%5D%5Bbrt_from_place_id%5D=&BookingRoute%5B0%5D%5Bbrt_from_formatted_address%5D=&BookingRoute%5B0%5D%5Bbrt_from_city_is_airport%5D=0&BookingRoute%5B0%5D%5Bbrt_from_city_is_poi%5D=0&BookingRoute%5B1%5D%5Bbrt_to_latitude%5D=&BookingRoute%5B1%5D%5Bbrt_to_longitude%5D=&BookingRoute%5B1%5D%5Bbrt_to_place_id%5D=&BookingRoute%5B1%5D%5Bbrt_to_formatted_address%5D=&BookingRoute%5B1%5D%5Bbrt_to_city_is_airport%5D=0&BookingRoute%5B1%5D%5Bbrt_to_city_is_poi%5D=0&Booking%5Btot_est_dist%5D=375&Booking%5Btot_est_dur%5D=420&Booking%5Bbkg_vehicle_type_id%5D=3&BookingPref%5Bbkg_is_gozonow%5D=0&agentId=undefined
	[UserID: 30] [UserType: 4]
2024/10/17 14:04:56 [profile] [profile.models.Quote.getQuote] 
~~~~~~~~~~~~~~~~~~~~~~~~~~~~~~~~~~~~~~~~~~~~~~~~~~~~~~ PUSH PROFILE LOG END profile.models.Quote.getQuote  ~~~~~~~~~~~~~~~~~~~~~~~~~~~~~~~~~~~~~~~~~~~~~~~~~~
2024/10/17 14:04:59 [profile] [profile.models.Quote.getQuote] 
###################################################### PUSH PROFILE LOG START profile.models.Quote.getQuote  ##############################################################
	URL: [POST]/aaohome/booking/getamountbyvehicle
	User IP: 192.168.1.240
	Referrer: http://localhost:84/aaohome/booking/create
	POST: {"fromCity":"30804","toCity":"30726","cabType":"3","tripDistance":"375","tripDuration":"420","multiCityData":"[{\"pickup_city\":\"30804\",\"drop_city\":\"30726\",\"pickup_address\":\"\",\"drop_address\":null,\"date\":\"2024-10-24 18:00:00\",\"distance\":\"375\",\"duration\":\"420\"}]","bookingType":"1","pickupAddress":"","dropupAddress":"","routeDataArr":[{"locLatVal":"","locLonVal":"","brtLocationVal":""},{"locLatVal":"","locLonVal":"","brtLocationVal":""}],"pickupDate":"24\/10\/2024","pickupTime":"06:00 PM","isGozonow":"0","minTripDistance":"0","tripUser":"1","YII_CSRF_TOKEN":"WXNPTUJMSWVRVldJOEx-d05yUlNaS2Uwb1Z1bjlxVVbcPYQNd6slCd-zuD_h2YBprDCwXjTsRSiXzK9TaRAgVA==","isAirportPickup":"1"}
	RawBody: fromCity=30804&toCity=30726&cabType=3&tripDistance=375&tripDuration=420&multiCityData=%5B%7B%22pickup_city%22%3A%2230804%22%2C%22drop_city%22%3A%2230726%22%2C%22pickup_address%22%3A%22%22%2C%22drop_address%22%3Anull%2C%22date%22%3A%222024-10-24+18%3A00%3A00%22%2C%22distance%22%3A%22375%22%2C%22duration%22%3A%22420%22%7D%5D&bookingType=1&pickupAddress=&dropupAddress=&routeDataArr%5B0%5D%5BlocLatVal%5D=&routeDataArr%5B0%5D%5BlocLonVal%5D=&routeDataArr%5B0%5D%5BbrtLocationVal%5D=&routeDataArr%5B1%5D%5BlocLatVal%5D=&routeDataArr%5B1%5D%5BlocLonVal%5D=&routeDataArr%5B1%5D%5BbrtLocationVal%5D=&pickupDate=24%2F10%2F2024&pickupTime=06%3A00+PM&isGozonow=0&minTripDistance=0&tripUser=1&YII_CSRF_TOKEN=WXNPTUJMSWVRVldJOEx-d05yUlNaS2Uwb1Z1bjlxVVbcPYQNd6slCd-zuD_h2YBprDCwXjTsRSiXzK9TaRAgVA%3D%3D&isAirportPickup=1
	[UserID: 30] [UserType: 4]
2024/10/17 14:04:59 [profile] [profile.models.Quote.getQuote] 
~~~~~~~~~~~~~~~~~~~~~~~~~~~~~~~~~~~~~~~~~~~~~~~~~~~~~~ PUSH PROFILE LOG END profile.models.Quote.getQuote  ~~~~~~~~~~~~~~~~~~~~~~~~~~~~~~~~~~~~~~~~~~~~~~~~~~
2024/10/17 14:07:02 [profile] [profile.models.Quote.getQuote] 
###################################################### PUSH PROFILE LOG START profile.models.Quote.getQuote  ##############################################################
	URL: [POST]/aaohome/booking/getamountbyvehicle
	User IP: 192.168.1.240
	Referrer: http://localhost:84/aaohome/booking/create
	POST: {"fromCity":"30804","toCity":"30726","cabType":"3","tripDistance":"375","tripDuration":"420","multiCityData":"[{\"pickup_city\":\"30804\",\"drop_city\":\"30726\",\"pickup_address\":\"\",\"drop_address\":null,\"date\":\"2024-10-24 18:00:00\",\"distance\":\"375\",\"duration\":\"420\"}]","bookingType":"1","pickupAddress":"","dropupAddress":"","routeDataArr":[{"locLatVal":"","locLonVal":"","brtLocationVal":""},{"locLatVal":"","locLonVal":"","brtLocationVal":""}],"pickupDate":"24\/10\/2024","pickupTime":"06:00 PM","isGozonow":"0","minTripDistance":"0","sccId":"1","tripUser":"1","YII_CSRF_TOKEN":"WXNPTUJMSWVRVldJOEx-d05yUlNaS2Uwb1Z1bjlxVVbcPYQNd6slCd-zuD_h2YBprDCwXjTsRSiXzK9TaRAgVA==","isAirportPickup":"1"}
	RawBody: fromCity=30804&toCity=30726&cabType=3&tripDistance=375&tripDuration=420&multiCityData=%5B%7B%22pickup_city%22%3A%2230804%22%2C%22drop_city%22%3A%2230726%22%2C%22pickup_address%22%3A%22%22%2C%22drop_address%22%3Anull%2C%22date%22%3A%222024-10-24+18%3A00%3A00%22%2C%22distance%22%3A%22375%22%2C%22duration%22%3A%22420%22%7D%5D&bookingType=1&pickupAddress=&dropupAddress=&routeDataArr%5B0%5D%5BlocLatVal%5D=&routeDataArr%5B0%5D%5BlocLonVal%5D=&routeDataArr%5B0%5D%5BbrtLocationVal%5D=&routeDataArr%5B1%5D%5BlocLatVal%5D=&routeDataArr%5B1%5D%5BlocLonVal%5D=&routeDataArr%5B1%5D%5BbrtLocationVal%5D=&pickupDate=24%2F10%2F2024&pickupTime=06%3A00+PM&isGozonow=0&minTripDistance=0&sccId=1&tripUser=1&YII_CSRF_TOKEN=WXNPTUJMSWVRVldJOEx-d05yUlNaS2Uwb1Z1bjlxVVbcPYQNd6slCd-zuD_h2YBprDCwXjTsRSiXzK9TaRAgVA%3D%3D&isAirportPickup=1
	[UserID: 30] [UserType: 4]
2024/10/17 14:07:02 [profile] [profile.models.Quote.getQuote] 
~~~~~~~~~~~~~~~~~~~~~~~~~~~~~~~~~~~~~~~~~~~~~~~~~~~~~~ PUSH PROFILE LOG END profile.models.Quote.getQuote  ~~~~~~~~~~~~~~~~~~~~~~~~~~~~~~~~~~~~~~~~~~~~~~~~~~
2024/10/24 00:02:42 [profile] [profile.models.Quote.getQuote] 
###################################################### PUSH PROFILE LOG START profile.models.Quote.getQuote  ##############################################################
	URL: [POST]/aaohome/booking/getamountbyvehicle
	User IP: 192.168.255.12
	Referrer: http://localhost:84/aaohome/booking/create
	POST: {"fromCity":"30804","toCity":"30711","cabType":"7","tripDistance":"","tripDuration":"","multiCityData":"","bookingType":"1","pickupAddress":"","pickupDate":"24\/10\/2024","pickupTime":"04:00 AM","isGozonow":"0","minTripDistance":"0","sccId":"0","tripUser":"1","YII_CSRF_TOKEN":"N3VxRE1WeG9UeHk5UWFBUFpPT216eWVyY0xWTVpoTkcUoJ2aBoup1fU2M5E4ePVZVcUNlKiYZZysUqEklNiKWw==","isAirportPickup":"1"}
	RawBody: fromCity=30804&toCity=30711&cabType=7&tripDistance=&tripDuration=&multiCityData=&bookingType=1&pickupAddress=&pickupDate=24%2F10%2F2024&pickupTime=04%3A00+AM&isGozonow=0&minTripDistance=0&sccId=0&tripUser=1&YII_CSRF_TOKEN=N3VxRE1WeG9UeHk5UWFBUFpPT216eWVyY0xWTVpoTkcUoJ2aBoup1fU2M5E4ePVZVcUNlKiYZZysUqEklNiKWw%3D%3D&isAirportPickup=1
	[UserID: 30] [UserType: 4]
2024/10/24 00:02:42 [profile] [profile.models.Quote.getQuote] 
~~~~~~~~~~~~~~~~~~~~~~~~~~~~~~~~~~~~~~~~~~~~~~~~~~~~~~ PUSH PROFILE LOG END profile.models.Quote.getQuote  ~~~~~~~~~~~~~~~~~~~~~~~~~~~~~~~~~~~~~~~~~~~~~~~~~~
2024/10/24 00:03:29 [profile] [profile.models.Quote.getQuote] 
###################################################### PUSH PROFILE LOG START profile.models.Quote.getQuote  ##############################################################
	URL: [POST]/aaohome/booking/getamountbyvehicle
	User IP: 192.168.255.12
	Referrer: http://localhost:84/aaohome/booking/create
	POST: {"fromCity":"30804","toCity":"30372","cabType":"1","tripDistance":"","tripDuration":"","multiCityData":"","bookingType":"1","pickupAddress":"","pickupDate":"31\/10\/2024","pickupTime":"04:00 AM","isGozonow":"0","minTripDistance":"0","sccId":"0","tripUser":"1","YII_CSRF_TOKEN":"N3VxRE1WeG9UeHk5UWFBUFpPT216eWVyY0xWTVpoTkcUoJ2aBoup1fU2M5E4ePVZVcUNlKiYZZysUqEklNiKWw==","isAirportPickup":"1"}
	RawBody: fromCity=30804&toCity=30372&cabType=1&tripDistance=&tripDuration=&multiCityData=&bookingType=1&pickupAddress=&pickupDate=31%2F10%2F2024&pickupTime=04%3A00+AM&isGozonow=0&minTripDistance=0&sccId=0&tripUser=1&YII_CSRF_TOKEN=N3VxRE1WeG9UeHk5UWFBUFpPT216eWVyY0xWTVpoTkcUoJ2aBoup1fU2M5E4ePVZVcUNlKiYZZysUqEklNiKWw%3D%3D&isAirportPickup=1
	[UserID: 30] [UserType: 4]
2024/10/24 00:03:29 [profile] [profile.models.Quote.getQuote] 
~~~~~~~~~~~~~~~~~~~~~~~~~~~~~~~~~~~~~~~~~~~~~~~~~~~~~~ PUSH PROFILE LOG END profile.models.Quote.getQuote  ~~~~~~~~~~~~~~~~~~~~~~~~~~~~~~~~~~~~~~~~~~~~~~~~~~
2024/10/24 00:03:37 [profile] [profile.models.Quote.getQuote] 
###################################################### PUSH PROFILE LOG START profile.models.Quote.getQuote  ##############################################################
	URL: [POST]/aaohome/booking/route
	User IP: 192.168.255.12
	Referrer: http://localhost:84/aaohome/booking/create
	POST: {"YII_CSRF_TOKEN":"N3VxRE1WeG9UeHk5UWFBUFpPT216eWVyY0xWTVpoTkcUoJ2aBoup1fU2M5E4ePVZVcUNlKiYZZysUqEklNiKWw==","Booking":{"bkg_from_city_id":"30804","bkg_to_city_id":"30372","routeProcessed":"Agra - Ahmedabad  (One Way)","baseamount":"15206","isGozonow":"0","bkg_from_city_id1":"30804","bkg_to_city_id1":"30372","bkg_pickup_date_date":"31\/10\/2024","bkg_pickup_date_time":"04:00 AM","bkg_return_date_date":"","bkg_return_date_time":"","bkg_pickup_address":"","bkg_drop_address":"","tot_est_dist":"917","tot_est_dur":"930","bkg_vehicle_type_id":"1"},"jsonData_routeType":"{\"trip_user\":\"1\",\"username\":\"9874394779\",\"bkg_contact_id\":\"1687739\",\"bkg_user_id\":\"\",\"bkg_contact_no\":\"9874394779\",\"bkg_country_code\":\"91\",\"bkg_user_email\":\"puja.developer@gmail.com\",\"bkg_user_fname\":\"kk\",\"bkg_user_lname\":\"kk\",\"bkg_booking_type\":\"1\"}","multicityjsondata":"[{\"pickup_city\":\"30804\",\"drop_city\":\"30372\",\"pickup_address\":\"\",\"drop_address\":null,\"date\":\"2024-10-31 04:00:00\",\"distance\":\"917\",\"duration\":\"930\"}]","multicityAutoComData":"","multicityAutoComTot":"","pckageID":"","BookingRoute":[{"brt_from_latitude":"","brt_from_longitude":"","brt_from_place_id":"","brt_from_formatted_address":"","brt_from_city_is_airport":"0","brt_from_city_is_poi":"0"},{"brt_to_latitude":"","brt_to_longitude":"","brt_to_place_id":"","brt_to_formatted_address":"","brt_to_city_is_airport":"0","brt_to_city_is_poi":"0"}],"BookingPref":{"bkg_is_gozonow":"0"},"agentId":"undefined"}
	RawBody: YII_CSRF_TOKEN=N3VxRE1WeG9UeHk5UWFBUFpPT216eWVyY0xWTVpoTkcUoJ2aBoup1fU2M5E4ePVZVcUNlKiYZZysUqEklNiKWw%3D%3D&Booking%5Bbkg_from_city_id%5D=30804&Booking%5Bbkg_to_city_id%5D=30372&Booking%5BrouteProcessed%5D=Agra+-+Ahmedabad++(One+Way)&jsonData_routeType=%7B%22trip_user%22%3A%221%22%2C%22username%22%3A%229874394779%22%2C%22bkg_contact_id%22%3A%221687739%22%2C%22bkg_user_id%22%3A%22%22%2C%22bkg_contact_no%22%3A%229874394779%22%2C%22bkg_country_code%22%3A%2291%22%2C%22bkg_user_email%22%3A%22puja.developer%40gmail.com%22%2C%22bkg_user_fname%22%3A%22kk%22%2C%22bkg_user_lname%22%3A%22kk%22%2C%22bkg_booking_type%22%3A%221%22%7D&Booking%5Bbaseamount%5D=15206&Booking%5BisGozonow%5D=0&multicityjsondata=%5B%7B%22pickup_city%22%3A%2230804%22%2C%22drop_city%22%3A%2230372%22%2C%22pickup_address%22%3A%22%22%2C%22drop_address%22%3Anull%2C%22date%22%3A%222024-10-31+04%3A00%3A00%22%2C%22distance%22%3A%22917%22%2C%22duration%22%3A%22930%22%7D%5D&multicityAutoComData=&multicityAutoComTot=&Booking%5Bbkg_from_city_id1%5D=30804&Booking%5Bbkg_to_city_id1%5D=30372&Booking%5Bbkg_pickup_date_date%5D=31%2F10%2F2024&Booking%5Bbkg_pickup_date_time%5D=04%3A00+AM&pckageID=&Booking%5Bbkg_return_date_date%5D=&Booking%5Bbkg_return_date_time%5D=&Booking%5Bbkg_pickup_address%5D=&Booking%5Bbkg_drop_address%5D=&BookingRoute%5B0%5D%5Bbrt_from_latitude%5D=&BookingRoute%5B0%5D%5Bbrt_from_longitude%5D=&BookingRoute%5B0%5D%5Bbrt_from_place_id%5D=&BookingRoute%5B0%5D%5Bbrt_from_formatted_address%5D=&BookingRoute%5B0%5D%5Bbrt_from_city_is_airport%5D=0&BookingRoute%5B0%5D%5Bbrt_from_city_is_poi%5D=0&BookingRoute%5B1%5D%5Bbrt_to_latitude%5D=&BookingRoute%5B1%5D%5Bbrt_to_longitude%5D=&BookingRoute%5B1%5D%5Bbrt_to_place_id%5D=&BookingRoute%5B1%5D%5Bbrt_to_formatted_address%5D=&BookingRoute%5B1%5D%5Bbrt_to_city_is_airport%5D=0&BookingRoute%5B1%5D%5Bbrt_to_city_is_poi%5D=0&Booking%5Btot_est_dist%5D=917&Booking%5Btot_est_dur%5D=930&Booking%5Bbkg_vehicle_type_id%5D=1&BookingPref%5Bbkg_is_gozonow%5D=0&agentId=undefined
	[UserID: 30] [UserType: 4]
2024/10/24 00:03:37 [profile] [profile.models.Quote.getQuote] 
~~~~~~~~~~~~~~~~~~~~~~~~~~~~~~~~~~~~~~~~~~~~~~~~~~~~~~ PUSH PROFILE LOG END profile.models.Quote.getQuote  ~~~~~~~~~~~~~~~~~~~~~~~~~~~~~~~~~~~~~~~~~~~~~~~~~~
2024/10/24 00:03:38 [profile] [profile.models.Quote.getQuote] 
###################################################### PUSH PROFILE LOG START profile.models.Quote.getQuote  ##############################################################
	URL: [POST]/aaohome/booking/getamountbyvehicle
	User IP: 192.168.255.12
	Referrer: http://localhost:84/aaohome/booking/create
	POST: {"fromCity":"30804","toCity":"30372","cabType":"1","tripDistance":"917","tripDuration":"930","multiCityData":"[{\"pickup_city\":\"30804\",\"drop_city\":\"30372\",\"pickup_address\":\"\",\"drop_address\":null,\"date\":\"2024-10-31 04:00:00\",\"distance\":\"917\",\"duration\":\"930\"}]","bookingType":"1","pickupAddress":"","dropupAddress":"","routeDataArr":[{"locLatVal":"","locLonVal":"","brtLocationVal":""},{"locLatVal":"","locLonVal":"","brtLocationVal":""}],"pickupDate":"31\/10\/2024","pickupTime":"04:00 AM","isGozonow":"0","minTripDistance":"0","tripUser":"1","YII_CSRF_TOKEN":"N3VxRE1WeG9UeHk5UWFBUFpPT216eWVyY0xWTVpoTkcUoJ2aBoup1fU2M5E4ePVZVcUNlKiYZZysUqEklNiKWw==","isAirportPickup":"1"}
	RawBody: fromCity=30804&toCity=30372&cabType=1&tripDistance=917&tripDuration=930&multiCityData=%5B%7B%22pickup_city%22%3A%2230804%22%2C%22drop_city%22%3A%2230372%22%2C%22pickup_address%22%3A%22%22%2C%22drop_address%22%3Anull%2C%22date%22%3A%222024-10-31+04%3A00%3A00%22%2C%22distance%22%3A%22917%22%2C%22duration%22%3A%22930%22%7D%5D&bookingType=1&pickupAddress=&dropupAddress=&routeDataArr%5B0%5D%5BlocLatVal%5D=&routeDataArr%5B0%5D%5BlocLonVal%5D=&routeDataArr%5B0%5D%5BbrtLocationVal%5D=&routeDataArr%5B1%5D%5BlocLatVal%5D=&routeDataArr%5B1%5D%5BlocLonVal%5D=&routeDataArr%5B1%5D%5BbrtLocationVal%5D=&pickupDate=31%2F10%2F2024&pickupTime=04%3A00+AM&isGozonow=0&minTripDistance=0&tripUser=1&YII_CSRF_TOKEN=N3VxRE1WeG9UeHk5UWFBUFpPT216eWVyY0xWTVpoTkcUoJ2aBoup1fU2M5E4ePVZVcUNlKiYZZysUqEklNiKWw%3D%3D&isAirportPickup=1
	[UserID: 30] [UserType: 4]
2024/10/24 00:03:38 [profile] [profile.models.Quote.getQuote] 
~~~~~~~~~~~~~~~~~~~~~~~~~~~~~~~~~~~~~~~~~~~~~~~~~~~~~~ PUSH PROFILE LOG END profile.models.Quote.getQuote  ~~~~~~~~~~~~~~~~~~~~~~~~~~~~~~~~~~~~~~~~~~~~~~~~~~
2024/10/24 00:03:41 [profile] [profile.models.Quote.getQuote] 
###################################################### PUSH PROFILE LOG START profile.models.Quote.getQuote  ##############################################################
	URL: [POST]/aaohome/booking/getamountbyvehicle
	User IP: 192.168.255.12
	Referrer: http://localhost:84/aaohome/booking/create
	POST: {"fromCity":"30804","toCity":"30372","cabType":"1","tripDistance":"917","tripDuration":"930","multiCityData":"[{\"pickup_city\":\"30804\",\"drop_city\":\"30372\",\"pickup_address\":\"\",\"drop_address\":null,\"date\":\"2024-10-31 04:00:00\",\"distance\":\"917\",\"duration\":\"930\"}]","bookingType":"1","pickupAddress":"","dropupAddress":"","routeDataArr":[{"locLatVal":"","locLonVal":"","brtLocationVal":""},{"locLatVal":"","locLonVal":"","brtLocationVal":""}],"pickupDate":"31\/10\/2024","pickupTime":"04:00 AM","isGozonow":"0","minTripDistance":"0","sccId":"1","tripUser":"1","YII_CSRF_TOKEN":"N3VxRE1WeG9UeHk5UWFBUFpPT216eWVyY0xWTVpoTkcUoJ2aBoup1fU2M5E4ePVZVcUNlKiYZZysUqEklNiKWw==","isAirportPickup":"1"}
	RawBody: fromCity=30804&toCity=30372&cabType=1&tripDistance=917&tripDuration=930&multiCityData=%5B%7B%22pickup_city%22%3A%2230804%22%2C%22drop_city%22%3A%2230372%22%2C%22pickup_address%22%3A%22%22%2C%22drop_address%22%3Anull%2C%22date%22%3A%222024-10-31+04%3A00%3A00%22%2C%22distance%22%3A%22917%22%2C%22duration%22%3A%22930%22%7D%5D&bookingType=1&pickupAddress=&dropupAddress=&routeDataArr%5B0%5D%5BlocLatVal%5D=&routeDataArr%5B0%5D%5BlocLonVal%5D=&routeDataArr%5B0%5D%5BbrtLocationVal%5D=&routeDataArr%5B1%5D%5BlocLatVal%5D=&routeDataArr%5B1%5D%5BlocLonVal%5D=&routeDataArr%5B1%5D%5BbrtLocationVal%5D=&pickupDate=31%2F10%2F2024&pickupTime=04%3A00+AM&isGozonow=0&minTripDistance=0&sccId=1&tripUser=1&YII_CSRF_TOKEN=N3VxRE1WeG9UeHk5UWFBUFpPT216eWVyY0xWTVpoTkcUoJ2aBoup1fU2M5E4ePVZVcUNlKiYZZysUqEklNiKWw%3D%3D&isAirportPickup=1
	[UserID: 30] [UserType: 4]
2024/10/24 00:03:41 [profile] [profile.models.Quote.getQuote] 
~~~~~~~~~~~~~~~~~~~~~~~~~~~~~~~~~~~~~~~~~~~~~~~~~~~~~~ PUSH PROFILE LOG END profile.models.Quote.getQuote  ~~~~~~~~~~~~~~~~~~~~~~~~~~~~~~~~~~~~~~~~~~~~~~~~~~
2024/10/24 00:04:00 [profile] [profile.models.Quote.getQuote] 
###################################################### PUSH PROFILE LOG START profile.models.Quote.getQuote  ##############################################################
	URL: [POST]/aaohome/booking/getamountbyvehicle
	User IP: 192.168.255.12
	Referrer: http://localhost:84/aaohome/booking/create
	POST: {"fromCity":"30804","toCity":"30372","cabType":"1","tripDistance":"917","tripDuration":"930","multiCityData":"[{\"pickup_city\":\"30804\",\"drop_city\":\"30372\",\"pickup_address\":\"\",\"drop_address\":null,\"date\":\"2024-10-31 04:00:00\",\"distance\":\"917\",\"duration\":\"930\"}]","bookingType":"1","pickupAddress":"","dropupAddress":"","routeDataArr":[{"locLatVal":"","locLonVal":"","brtLocationVal":""},{"locLatVal":"","locLonVal":"","brtLocationVal":""}],"pickupDate":"31\/10\/2024","pickupTime":"04:00 AM","isGozonow":"0","minTripDistance":"0","sccId":"1","tripUser":"1","YII_CSRF_TOKEN":"N3VxRE1WeG9UeHk5UWFBUFpPT216eWVyY0xWTVpoTkcUoJ2aBoup1fU2M5E4ePVZVcUNlKiYZZysUqEklNiKWw==","isAirportPickup":"1"}
	RawBody: fromCity=30804&toCity=30372&cabType=1&tripDistance=917&tripDuration=930&multiCityData=%5B%7B%22pickup_city%22%3A%2230804%22%2C%22drop_city%22%3A%2230372%22%2C%22pickup_address%22%3A%22%22%2C%22drop_address%22%3Anull%2C%22date%22%3A%222024-10-31+04%3A00%3A00%22%2C%22distance%22%3A%22917%22%2C%22duration%22%3A%22930%22%7D%5D&bookingType=1&pickupAddress=&dropupAddress=&routeDataArr%5B0%5D%5BlocLatVal%5D=&routeDataArr%5B0%5D%5BlocLonVal%5D=&routeDataArr%5B0%5D%5BbrtLocationVal%5D=&routeDataArr%5B1%5D%5BlocLatVal%5D=&routeDataArr%5B1%5D%5BlocLonVal%5D=&routeDataArr%5B1%5D%5BbrtLocationVal%5D=&pickupDate=31%2F10%2F2024&pickupTime=04%3A00+AM&isGozonow=0&minTripDistance=0&sccId=1&tripUser=1&YII_CSRF_TOKEN=N3VxRE1WeG9UeHk5UWFBUFpPT216eWVyY0xWTVpoTkcUoJ2aBoup1fU2M5E4ePVZVcUNlKiYZZysUqEklNiKWw%3D%3D&isAirportPickup=1
	[UserID: 30] [UserType: 4]
2024/10/24 00:04:00 [profile] [profile.models.Quote.getQuote] 
~~~~~~~~~~~~~~~~~~~~~~~~~~~~~~~~~~~~~~~~~~~~~~~~~~~~~~ PUSH PROFILE LOG END profile.models.Quote.getQuote  ~~~~~~~~~~~~~~~~~~~~~~~~~~~~~~~~~~~~~~~~~~~~~~~~~~
