2024/08/17 01:20:08 [error] [models.Vendors.saveData] [T: 2638.964] [M: 22777.56] 0: {"error":{"message":"Error validating access token: Session has expired on Tuesday, 26-Dec-23 23:00:00 PST. The current time is Friday, 16-Aug-24 12:50:09 PDT.","type":"OAuthException","code":190,"error_subcode":463,"fbtrace_id":"AM09L0bV815nU5r-DcnGZkj"}}
	URL: [POST]/aaohome/vendor/add
	User IP: 192.168.0.106
	Referrer: http://localhost:84/aaohome/vendor/add
	POST: {"YII_CSRF_TOKEN":"V1hkeXBlZm82ekIwQzlEUmZ3RldxSU05em5idnVEZVajfX_CZIf8NMwswChMkchwLWrxlr5VqpbJYTL0I5xV-Q==","Vendors":{"vnd_contact_id":"1687746","vnd_contact_name":"parnavi sadasd","vnd_active":"1","vnd_name":"","vnd_cat_type":"1","vnd_rm":"","vnd_agreement_date1":"","vnd_agreement_file_link":"","login_type":"2"},"VendorPref":{"vnp_sedan_count":"4","vnp_compact_count":"4","vnp_suv_count":"4","vnp_min_sd_req_amt":"0","vnp_home_zone":"358","vnp_is_attached":"1","vnp_oneway":"1","vnp_round_trip":"0","vnp_package":"0","vnp_daily_rental":"0","vnp_airport":"0","vnp_tempo_traveller":"0","vnp_lastmin_booking":"1","vnp_notes":""},"VendorStats":{"vrs_security_amount":"0","vrs_security_receive_date1":"","vrs_credit_limit":"500","vrs_credit_throttle_level":""},"vnp_excluded_cities":"","type":"","yt0":"Add"}
	[UserID: 30] [UserType: 4]
in C:\Projects\Staging\protected\components\Logger.php (85)
in C:\Projects\Staging\protected\components\Logger.php (156)
in C:\Projects\Staging\protected\components\Whatsapp.php (86)
2024/08/17 01:20:08 [warning] [models.Vendors.saveData] [T: 2639.639] [M: 22781.67] 0: {"error":{"message":"Error validating access token: Session has expired on Tuesday, 26-Dec-23 23:00:00 PST. The current time is Friday, 16-Aug-24 12:50:09 PDT.","type":"OAuthException","code":190,"error_subcode":463,"fbtrace_id":"AM09L0bV815nU5r-DcnGZkj"}}
	URL: [POST]/aaohome/vendor/add
	User IP: 192.168.0.106
	Referrer: http://localhost:84/aaohome/vendor/add
	POST: {"YII_CSRF_TOKEN":"V1hkeXBlZm82ekIwQzlEUmZ3RldxSU05em5idnVEZVajfX_CZIf8NMwswChMkchwLWrxlr5VqpbJYTL0I5xV-Q==","Vendors":{"vnd_contact_id":"1687746","vnd_contact_name":"parnavi sadasd","vnd_active":"1","vnd_name":"","vnd_cat_type":"1","vnd_rm":"","vnd_agreement_date1":"","vnd_agreement_file_link":"","login_type":"2"},"VendorPref":{"vnp_sedan_count":"4","vnp_compact_count":"4","vnp_suv_count":"4","vnp_min_sd_req_amt":"0","vnp_home_zone":"358","vnp_is_attached":"1","vnp_oneway":"1","vnp_round_trip":"0","vnp_package":"0","vnp_daily_rental":"0","vnp_airport":"0","vnp_tempo_traveller":"0","vnp_lastmin_booking":"1","vnp_notes":""},"VendorStats":{"vrs_security_amount":"0","vrs_security_receive_date1":"","vrs_credit_limit":"500","vrs_credit_throttle_level":""},"vnp_excluded_cities":"","type":"","yt0":"Add"}
	[UserID: 30] [UserType: 4]
in C:\Projects\Staging\protected\components\Logger.php (85)
in C:\Projects\Staging\protected\components\Logger.php (132)
in C:\Projects\Staging\protected\components\Logger.php (216)
2024/10/14 23:03:06 [error] [models.Vendors.saveData] [T: 6822.802] [M: 22769.42] 0: {"error":{"message":"An unexpected error has occurred. Please retry your request later.","type":"OAuthException","is_transient":true,"code":2,"fbtrace_id":"AS27MXHj-QY2sRgsqFoK-lG"}}
	URL: [POST]/aaohome/vendor/add
	User IP: 192.168.0.104
	Referrer: http://localhost:84/aaohome/vendor/add
	POST: {"YII_CSRF_TOKEN":"VlU1flZVN1hhUXVyeDhUZkZaSXNjSUdjVll-OGNIeGMNnclfb2immxg_DnN2tqZYMYeHidIGWsFTRzFKMdnvaA==","Vendors":{"vnd_contact_id":"1687739","vnd_contact_name":"kk kk","vnd_active":"1","vnd_name":"","vnd_cat_type":"1","vnd_rm":"24","vnd_agreement_date1":"","vnd_agreement_file_link":"","login_type":"2"},"VendorPref":{"vnp_sedan_count":"3","vnp_compact_count":"3","vnp_suv_count":"3","vnp_min_sd_req_amt":"0","vnp_home_zone":"358","vnp_is_attached":"1","vnp_oneway":"0","vnp_round_trip":"0","vnp_package":"0","vnp_daily_rental":"0","vnp_airport":"0","vnp_tempo_traveller":"0","vnp_lastmin_booking":"1","vnp_notes":""},"VendorStats":{"vrs_security_amount":"444","vrs_security_receive_date1":"02\/10\/2024","vrs_credit_limit":"500","vrs_credit_throttle_level":""},"vnp_excluded_cities":"","type":"","yt0":"Add"}
	[UserID: 30] [UserType: 4]
in C:\Projects\Staging\protected\components\Logger.php (85)
in C:\Projects\Staging\protected\components\Logger.php (156)
in C:\Projects\Staging\protected\components\Whatsapp.php (86)
2024/10/14 23:03:06 [warning] [models.Vendors.saveData] [T: 6823.38] [M: 22773.44] 0: {"error":{"message":"An unexpected error has occurred. Please retry your request later.","type":"OAuthException","is_transient":true,"code":2,"fbtrace_id":"AS27MXHj-QY2sRgsqFoK-lG"}}
	URL: [POST]/aaohome/vendor/add
	User IP: 192.168.0.104
	Referrer: http://localhost:84/aaohome/vendor/add
	POST: {"YII_CSRF_TOKEN":"VlU1flZVN1hhUXVyeDhUZkZaSXNjSUdjVll-OGNIeGMNnclfb2immxg_DnN2tqZYMYeHidIGWsFTRzFKMdnvaA==","Vendors":{"vnd_contact_id":"1687739","vnd_contact_name":"kk kk","vnd_active":"1","vnd_name":"","vnd_cat_type":"1","vnd_rm":"24","vnd_agreement_date1":"","vnd_agreement_file_link":"","login_type":"2"},"VendorPref":{"vnp_sedan_count":"3","vnp_compact_count":"3","vnp_suv_count":"3","vnp_min_sd_req_amt":"0","vnp_home_zone":"358","vnp_is_attached":"1","vnp_oneway":"0","vnp_round_trip":"0","vnp_package":"0","vnp_daily_rental":"0","vnp_airport":"0","vnp_tempo_traveller":"0","vnp_lastmin_booking":"1","vnp_notes":""},"VendorStats":{"vrs_security_amount":"444","vrs_security_receive_date1":"02\/10\/2024","vrs_credit_limit":"500","vrs_credit_throttle_level":""},"vnp_excluded_cities":"","type":"","yt0":"Add"}
	[UserID: 30] [UserType: 4]
in C:\Projects\Staging\protected\components\Logger.php (85)
in C:\Projects\Staging\protected\components\Logger.php (132)
in C:\Projects\Staging\protected\components\Logger.php (216)
2024/10/14 23:03:06 [warning] [models.Vendors.saveData] [T: 7208.955] [M: 24012.91] 104: {"drv_name":["Driver License no is mandatory."]}
	URL: [POST]/aaohome/vendor/add
	User IP: 192.168.0.104
	Referrer: http://localhost:84/aaohome/vendor/add
	POST: {"YII_CSRF_TOKEN":"VlU1flZVN1hhUXVyeDhUZkZaSXNjSUdjVll-OGNIeGMNnclfb2immxg_DnN2tqZYMYeHidIGWsFTRzFKMdnvaA==","Vendors":{"vnd_contact_id":"1687739","vnd_contact_name":"kk kk","vnd_active":"1","vnd_name":"","vnd_cat_type":"1","vnd_rm":"24","vnd_agreement_date1":"","vnd_agreement_file_link":"","login_type":"2"},"VendorPref":{"vnp_sedan_count":"3","vnp_compact_count":"3","vnp_suv_count":"3","vnp_min_sd_req_amt":"0","vnp_home_zone":"358","vnp_is_attached":"1","vnp_oneway":"0","vnp_round_trip":"0","vnp_package":"0","vnp_daily_rental":"0","vnp_airport":"0","vnp_tempo_traveller":"0","vnp_lastmin_booking":"1","vnp_notes":""},"VendorStats":{"vrs_security_amount":"444","vrs_security_receive_date1":"02\/10\/2024","vrs_credit_limit":"500","vrs_credit_throttle_level":""},"vnp_excluded_cities":"","type":"","yt0":"Add"}
	[UserID: 30] [UserType: 4]
in C:\Projects\Staging\protected\components\Logger.php (85)
in C:\Projects\Staging\protected\components\Logger.php (132)
in C:\Projects\Staging\protected\components\Logger.php (216)
